[debug] [2023-09-06T16:59:01.783Z] ----------------------------------------------------------------------
[debug] [2023-09-06T16:59:01.786Z] Command:       C:\Program Files\nodejs\node.exe C:\Users\Dragonaire\AppData\Roaming\npm\node_modules\firebase-tools\lib\bin\firebase.js deploy --only hosting
[debug] [2023-09-06T16:59:01.787Z] CLI Version:   12.5.2
[debug] [2023-09-06T16:59:01.788Z] Platform:      win32
[debug] [2023-09-06T16:59:01.788Z] Node Version:  v16.20.0
[debug] [2023-09-06T16:59:01.789Z] Time:          Wed Sep 06 2023 12:59:01 GMT-0400 (Eastern Daylight Time)
[debug] [2023-09-06T16:59:01.789Z] ----------------------------------------------------------------------
[debug] 
[debug] [2023-09-06T16:59:01.929Z] > command requires scopes: ["email","openid","https://www.googleapis.com/auth/cloudplatformprojects.readonly","https://www.googleapis.com/auth/firebase","https://www.googleapis.com/auth/cloud-platform"]
[debug] [2023-09-06T16:59:01.930Z] > authorizing via signed-in user (dragongold0808@gmail.com)
[debug] [2023-09-06T16:59:01.930Z] [iam] checking project garlic-week for permissions ["firebase.projects.get","firebasehosting.sites.update"]
[debug] [2023-09-06T16:59:01.933Z] > refreshing access token with scopes: []
[debug] [2023-09-06T16:59:01.937Z] >>> [apiv2][query] POST https://www.googleapis.com/oauth2/v3/token [none]
[debug] [2023-09-06T16:59:01.938Z] >>> [apiv2][body] POST https://www.googleapis.com/oauth2/v3/token [omitted]
[debug] [2023-09-06T16:59:02.542Z] <<< [apiv2][status] POST https://www.googleapis.com/oauth2/v3/token 200
[debug] [2023-09-06T16:59:02.542Z] <<< [apiv2][body] POST https://www.googleapis.com/oauth2/v3/token [omitted]
[debug] [2023-09-06T16:59:02.613Z] >>> [apiv2][query] POST https://cloudresourcemanager.googleapis.com/v1/projects/garlic-week:testIamPermissions [none]
[debug] [2023-09-06T16:59:02.614Z] >>> [apiv2][(partial)header] POST https://cloudresourcemanager.googleapis.com/v1/projects/garlic-week:testIamPermissions x-goog-quota-user=projects/garlic-week
[debug] [2023-09-06T16:59:02.614Z] >>> [apiv2][body] POST https://cloudresourcemanager.googleapis.com/v1/projects/garlic-week:testIamPermissions {"permissions":["firebase.projects.get","firebasehosting.sites.update"]}
[debug] [2023-09-06T16:59:03.904Z] <<< [apiv2][status] POST https://cloudresourcemanager.googleapis.com/v1/projects/garlic-week:testIamPermissions 200
[debug] [2023-09-06T16:59:03.905Z] <<< [apiv2][body] POST https://cloudresourcemanager.googleapis.com/v1/projects/garlic-week:testIamPermissions {"permissions":["firebase.projects.get","firebasehosting.sites.update"]}
[debug] [2023-09-06T16:59:03.906Z] >>> [apiv2][query] GET https://firebase.googleapis.com/v1beta1/projects/garlic-week [none]
[debug] [2023-09-06T16:59:04.590Z] <<< [apiv2][status] GET https://firebase.googleapis.com/v1beta1/projects/garlic-week 200
[debug] [2023-09-06T16:59:04.590Z] <<< [apiv2][body] GET https://firebase.googleapis.com/v1beta1/projects/garlic-week {"projectId":"garlic-week","projectNumber":"119007381645","displayName":"Garlic-week","name":"projects/garlic-week","resources":{"hostingSite":"garlic-week","realtimeDatabaseInstance":"garlic-week-default-rtdb"},"state":"ACTIVE","etag":"1_6d16e6da-d187-4fa2-bb6c-71826ffac23e"}
[info] 
[info] === Deploying to 'garlic-week'...
[info] 
[info] i  deploying hosting 
[debug] [2023-09-06T16:59:04.598Z] >>> [apiv2][query] POST https://firebasehosting.googleapis.com/v1beta1/projects/-/sites/garlic-week/versions [none]
[debug] [2023-09-06T16:59:04.598Z] >>> [apiv2][body] POST https://firebasehosting.googleapis.com/v1beta1/projects/-/sites/garlic-week/versions {"status":"CREATED","labels":{"deployment-tool":"cli-firebase"}}
[debug] [2023-09-06T16:59:06.273Z] <<< [apiv2][status] POST https://firebasehosting.googleapis.com/v1beta1/projects/-/sites/garlic-week/versions 200
[debug] [2023-09-06T16:59:06.274Z] <<< [apiv2][body] POST https://firebasehosting.googleapis.com/v1beta1/projects/-/sites/garlic-week/versions {"name":"projects/119007381645/sites/garlic-week/versions/2e0301f075281e82","status":"CREATED","config":{},"labels":{"deployment-tool":"cli-firebase"}}
[info] i  hosting[garlic-week]: beginning deploy... 
[info] i  hosting[garlic-week]: found 223 files in build 
[debug] [2023-09-06T16:59:06.312Z] [hosting] uploading with 200 concurrency
